#
# There is insufficient memory for the Java Runtime Environment to continue.
# Native memory allocation (malloc) failed to allocate 1092976 bytes for Chunk::new
# Possible reasons:
#   The system is out of physical RAM or swap space
#   In 32 bit mode, the process size limit was hit
# Possible solutions:
#   Reduce memory load on the system
#   Increase physical memory or swap space
#   Check if swap backing store is full
#   Use 64 bit Java on a 64 bit OS
#   Decrease Java heap size (-Xmx/-Xms)
#   Decrease number of Java threads
#   Decrease Java thread stack sizes (-Xss)
#   Set larger code cache with -XX:ReservedCodeCacheSize=
# This output file may be truncated or incomplete.
#
#  Out of Memory Error (allocation.cpp:325), pid=905120, tid=903552
#
# JRE version: 7.0_02-b13
# Java VM: Java HotSpot(TM) 64-Bit Server VM (22.0-b10 mixed mode windows-amd64 compressed oops)
# Failed to write core dump. Minidumps are not enabled by default on client versions of Windows
#

---------------  T H R E A D  ---------------

Current thread (0x000000002410f000):  JavaThread "C2 CompilerThread1" daemon [_thread_in_native, id=903552, stack(0x0000000024da0000,0x0000000024ea0000)]

Stack: [0x0000000024da0000,0x0000000024ea0000]

Current CompileTask:
C2:  30467 1609             org.apache.maven.repository.legacy.LegacyRepositorySystem::getEffectiveRepositories (409 bytes)


---------------  P R O C E S S  ---------------

Java Threads: ( => current thread )
  0x0000000024119000 JavaThread "Service Thread" daemon [_thread_blocked, id=917636, stack(0x0000000024ea0000,0x0000000024fa0000)]
=>0x000000002410f000 JavaThread "C2 CompilerThread1" daemon [_thread_in_native, id=903552, stack(0x0000000024da0000,0x0000000024ea0000)]
  0x000000002410d000 JavaThread "C2 CompilerThread0" daemon [_thread_in_native, id=920532, stack(0x0000000024ca0000,0x0000000024da0000)]
  0x000000002410c000 JavaThread "Attach Listener" daemon [_thread_blocked, id=915984, stack(0x0000000024ba0000,0x0000000024ca0000)]
  0x0000000024108800 JavaThread "Signal Dispatcher" daemon [_thread_blocked, id=919420, stack(0x0000000024aa0000,0x0000000024ba0000)]
  0x000000002407f000 JavaThread "Finalizer" daemon [_thread_blocked, id=915712, stack(0x00000000249a0000,0x0000000024aa0000)]
  0x0000000024076000 JavaThread "Reference Handler" daemon [_thread_blocked, id=920172, stack(0x00000000248a0000,0x00000000249a0000)]
  0x0000000000d1d000 JavaThread "main" [_thread_in_Java, id=920060, stack(0x0000000002990000,0x0000000002a90000)]

Other Threads:
  0x0000000024070800 VMThread [stack: 0x00000000247a0000,0x00000000248a0000] [id=920364]
  0x0000000024132000 WatcherThread [stack: 0x0000000024fa0000,0x00000000250a0000] [id=917680]

VM state:not at safepoint (normal execution)

VM Mutex/Monitor currently owned by a thread: None

Heap
 PSYoungGen      total 199872K, used 108960K [0x00000007d5560000, 0x00000007e4550000, 0x0000000800000000)
  eden space 163648K, 66% used [0x00000007d5560000,0x00000007dbfc8360,0x00000007df530000)
  from space 36224K, 0% used [0x00000007e1bb0000,0x00000007e1bb0000,0x00000007e3f10000)
  to   space 39424K, 0% used [0x00000007df530000,0x00000007df530000,0x00000007e1bb0000)
 PSOldGen        total 96448K, used 45991K [0x0000000780000000, 0x0000000785e30000, 0x00000007d5560000)
  object space 96448K, 47% used [0x0000000780000000,0x0000000782ce9d08,0x0000000785e30000)
 PSPermGen       total 23936K, used 23799K [0x0000000760000000, 0x0000000761760000, 0x0000000780000000)
  object space 23936K, 99% used [0x0000000760000000,0x000000076173dfe0,0x0000000761760000)

Code Cache  [0x0000000002b90000, 0x0000000003100000, 0x0000000022b90000)
 total_blobs=1760 nmethods=1439 adapters=271 free_code_cache=518817Kb largest_free_block=531174912

Dynamic libraries:
0x00007ff613c70000 - 0x00007ff613ca3000 	C:\Program Files\Java\jdk1.7.0_02\bin\java.exe
0x00007ffb60970000 - 0x00007ffb60b19000 	C:\Windows\SYSTEM32\ntdll.dll
0x00007ffb5e2d0000 - 0x00007ffb5e409000 	C:\Windows\system32\KERNEL32.DLL
0x00007ffb5ddc0000 - 0x00007ffb5dece000 	C:\Windows\system32\KERNELBASE.dll
0x00007ffb5c930000 - 0x00007ffb5c9bb000 	C:\Windows\system32\apphelp.dll
0x00007ffb53030000 - 0x00007ffb5307c000 	C:\Windows\AppPatch\AppPatch64\AcGenral.DLL
0x00007ffb5e790000 - 0x00007ffb5e837000 	C:\Windows\system32\msvcrt.dll
0x00007ffb5dad0000 - 0x00007ffb5dafb000 	C:\Windows\SYSTEM32\SspiCli.dll
0x00007ffb5ece0000 - 0x00007ffb5ed31000 	C:\Windows\system32\SHLWAPI.dll
0x00007ffb5e610000 - 0x00007ffb5e781000 	C:\Windows\system32\USER32.dll
0x00007ffb5e840000 - 0x00007ffb5e9b6000 	C:\Windows\system32\ole32.dll
0x00007ffb5f0a0000 - 0x00007ffb604af000 	C:\Windows\system32\SHELL32.dll
0x00007ffb5d2c0000 - 0x00007ffb5d2df000 	C:\Windows\SYSTEM32\USERENV.dll
0x00007ffb5e220000 - 0x00007ffb5e2c5000 	C:\Windows\system32\ADVAPI32.dll
0x00007ffb57410000 - 0x00007ffb5742b000 	C:\Windows\SYSTEM32\MPR.dll
0x00007ffb5e4d0000 - 0x00007ffb5e606000 	C:\Windows\system32\RPCRT4.dll
0x00007ffb5e410000 - 0x00007ffb5e467000 	C:\Windows\SYSTEM32\sechost.dll
0x00007ffb5ee80000 - 0x00007ffb5f057000 	C:\Windows\SYSTEM32\combase.dll
0x00007ffb60570000 - 0x00007ffb606b5000 	C:\Windows\system32\GDI32.dll
0x00007ffb5dcf0000 - 0x00007ffb5dd04000 	C:\Windows\SYSTEM32\profapi.dll
0x00007ffb5c190000 - 0x00007ffb5c231000 	C:\Windows\SYSTEM32\SHCORE.dll
0x00007ffb5f060000 - 0x00007ffb5f094000 	C:\Windows\system32\IMM32.DLL
0x00007ffb5e9c0000 - 0x00007ffb5eaf8000 	C:\Windows\system32\MSCTF.dll
0x00007ffb5b870000 - 0x00007ffb5baca000 	C:\Windows\WinSxS\amd64_microsoft.windows.common-controls_6595b64144ccf1df_6.0.9600.16384_none_62475f7becb72503\COMCTL32.dll
0x000000005afa0000 - 0x000000005b071000 	C:\Program Files\Java\jdk1.7.0_02\jre\bin\msvcr100.dll
0x000000005a8c0000 - 0x000000005af9a000 	C:\Program Files\Java\jdk1.7.0_02\jre\bin\server\jvm.dll
0x00007ffb5b190000 - 0x00007ffb5b199000 	C:\Windows\SYSTEM32\WSOCK32.dll
0x00007ffb5b290000 - 0x00007ffb5b2af000 	C:\Windows\SYSTEM32\WINMM.dll
0x00007ffb60560000 - 0x00007ffb60567000 	C:\Windows\system32\PSAPI.DLL
0x00007ffb5e470000 - 0x00007ffb5e4c8000 	C:\Windows\system32\WS2_32.dll
0x00007ffb5a9b0000 - 0x00007ffb5a9da000 	C:\Windows\SYSTEM32\WINMMBASE.dll
0x00007ffb5ee70000 - 0x00007ffb5ee79000 	C:\Windows\system32\NSI.dll
0x00007ffb5df20000 - 0x00007ffb5df6a000 	C:\Windows\SYSTEM32\cfgmgr32.dll
0x00007ffb5cb80000 - 0x00007ffb5cba6000 	C:\Windows\SYSTEM32\DEVOBJ.dll
0x000000005cac0000 - 0x000000005cacf000 	C:\Program Files\Java\jdk1.7.0_02\jre\bin\verify.dll
0x000000005c820000 - 0x000000005c848000 	C:\Program Files\Java\jdk1.7.0_02\jre\bin\java.dll
0x000000005c800000 - 0x000000005c815000 	C:\Program Files\Java\jdk1.7.0_02\jre\bin\zip.dll
0x000000005c7e0000 - 0x000000005c7f9000 	C:\Program Files\Java\jdk1.7.0_02\jre\bin\net.dll
0x00007ffb5d510000 - 0x00007ffb5d568000 	C:\Windows\system32\mswsock.dll
0x000000005a8a0000 - 0x000000005a8b1000 	C:\Program Files\Java\jdk1.7.0_02\jre\bin\nio.dll

VM Arguments:
jvm_args: -Xmx2g -XX:MaxPermSize=512M -XX:ReservedCodeCacheSize=512m -Dclassworlds.conf=D:\apache-maven-3.2.3\bin\..\bin\m2.conf -Dmaven.home=D:\apache-maven-3.2.3\bin\.. 
java_command: org.codehaus.plexus.classworlds.launcher.Launcher install
Launcher Type: SUN_STANDARD

Environment Variables:
JAVA_HOME=C:\Program Files\Java\jdk1.7.0_02
PATH=C:\Windows\system32;C:\Windows;C:\Windows\System32\Wbem;C:\Program Files (x86)\scala\bin;C:\Windows\System32\WindowsPowerShell\v1.0\;C:\Program Files\TortoiseSVN\bin;D:\apache-maven-3.2.3\bin;C:\Program Files (x86)\scala\\bin;C:\Program Files (x86)\sbt\\bin;D:\apache-maven-3.2.3\bin;C:\Python27;C:\Python27\Scripts
USERNAME=Administrator
OS=Windows_NT
PROCESSOR_IDENTIFIER=Intel64 Family 6 Model 60 Stepping 3, GenuineIntel



---------------  S Y S T E M  ---------------

OS: Windows NT 6.2 Build 9200 

CPU:total 4 (4 cores per cpu, 1 threads per core) family 6 model 60 stepping 3, cmov, cx8, fxsr, mmx, sse, sse2, sse3, ssse3, sse4.1, sse4.2, popcnt

Memory: 4k page, physical 8305428k(1114852k free), swap 33471252k(7628k free)

vm_info: Java HotSpot(TM) 64-Bit Server VM (22.0-b10) for windows-amd64 JRE (1.7.0_02-b13), built on Nov 17 2011 13:51:15 by "java_re" with unknown MS VC++:1600

time: Fri Oct 30 14:51:51 2015
elapsed time: 30 seconds

